<?xml version="1.0" encoding="UTF-8"?>
<!-- Generated by org.testng.reporters.JUnitXMLReporter -->
<testsuite ignored="0" hostname="MSI" failures="0" tests="6" name="Default test" time="0.075" errors="0" timestamp="2025-11-11T18:42:25 GMT">
  <testcase classname="cs265.ConcertTicketDTTest" name="test" time="0.018"/>
  <testcase classname="cs265.ConcertTicketDTTest" name="test" time="0.002"/>
  <testcase classname="cs265.ConcertTicketDTTest" name="test" time="0.001"/>
  <testcase classname="cs265.ConcertTicketDTTest" name="test" time="0.001"/>
  <testcase classname="cs265.ConcertTicketDTTest" name="test" time="0.0"/>
  <testcase classname="cs265.ConcertTicketDTTest" name="test" time="0.001"/>
</testsuite> <!-- Default test -->
