<?xml version="1.0" encoding="UTF-8"?>
<testng-results ignored="0" total="16" passed="16" failed="0" skipped="0">
  <reporter-output>
  </reporter-output>
  <suite started-at="2025-11-25T19:56:16 GMT" name="Default suite" finished-at="2025-11-25T19:56:17 GMT" duration-ms="293">
    <groups>
    </groups>
    <test started-at="2025-11-25T19:56:16 GMT" name="Default test" finished-at="2025-11-25T19:56:17 GMT" duration-ms="293">
      <class name="cs265.BingeBarTest">
        <test-method signature="test(java.lang.String,boolean,boolean,boolean,boolean,int)[pri:0, instance:cs265.BingeBarTest@452ba1db]" started-at="2025-11-25T19:56:16 GMT" name="test" data-provider="data" finished-at="2025-11-25T19:56:16 GMT" duration-ms="49" status="PASS">
          <params>
            <param index="0">
              <value>
                <![CDATA[1.1]]>
              </value>
            </param>
            <param index="1">
              <value>
                <![CDATA[true]]>
              </value>
            </param>
            <param index="2">
              <value>
                <![CDATA[true]]>
              </value>
            </param>
            <param index="3">
              <value>
                <![CDATA[true]]>
              </value>
            </param>
            <param index="4">
              <value>
                <![CDATA[true]]>
              </value>
            </param>
            <param index="5">
              <value>
                <![CDATA[9]]>
              </value>
            </param>
          </params>
          <reporter-output>
          </reporter-output>
        </test-method> <!-- test -->
        <test-method signature="test(java.lang.String,boolean,boolean,boolean,boolean,int)[pri:0, instance:cs265.BingeBarTest@452ba1db]" started-at="2025-11-25T19:56:16 GMT" name="test" data-provider="data" finished-at="2025-11-25T19:56:16 GMT" duration-ms="3" status="PASS">
          <params>
            <param index="0">
              <value>
                <![CDATA[1.2]]>
              </value>
            </param>
            <param index="1">
              <value>
                <![CDATA[false]]>
              </value>
            </param>
            <param index="2">
              <value>
                <![CDATA[true]]>
              </value>
            </param>
            <param index="3">
              <value>
                <![CDATA[true]]>
              </value>
            </param>
            <param index="4">
              <value>
                <![CDATA[true]]>
              </value>
            </param>
            <param index="5">
              <value>
                <![CDATA[5]]>
              </value>
            </param>
          </params>
          <reporter-output>
          </reporter-output>
        </test-method> <!-- test -->
        <test-method signature="test(java.lang.String,boolean,boolean,boolean,boolean,int)[pri:0, instance:cs265.BingeBarTest@452ba1db]" started-at="2025-11-25T19:56:17 GMT" name="test" data-provider="data" finished-at="2025-11-25T19:56:17 GMT" duration-ms="2" status="PASS">
          <params>
            <param index="0">
              <value>
                <![CDATA[1.3]]>
              </value>
            </param>
            <param index="1">
              <value>
                <![CDATA[true]]>
              </value>
            </param>
            <param index="2">
              <value>
                <![CDATA[false]]>
              </value>
            </param>
            <param index="3">
              <value>
                <![CDATA[true]]>
              </value>
            </param>
            <param index="4">
              <value>
                <![CDATA[true]]>
              </value>
            </param>
            <param index="5">
              <value>
                <![CDATA[4]]>
              </value>
            </param>
          </params>
          <reporter-output>
          </reporter-output>
        </test-method> <!-- test -->
        <test-method signature="test(java.lang.String,boolean,boolean,boolean,boolean,int)[pri:0, instance:cs265.BingeBarTest@452ba1db]" started-at="2025-11-25T19:56:17 GMT" name="test" data-provider="data" finished-at="2025-11-25T19:56:17 GMT" duration-ms="2" status="PASS">
          <params>
            <param index="0">
              <value>
                <![CDATA[1.4]]>
              </value>
            </param>
            <param index="1">
              <value>
                <![CDATA[false]]>
              </value>
            </param>
            <param index="2">
              <value>
                <![CDATA[false]]>
              </value>
            </param>
            <param index="3">
              <value>
                <![CDATA[true]]>
              </value>
            </param>
            <param index="4">
              <value>
                <![CDATA[true]]>
              </value>
            </param>
            <param index="5">
              <value>
                <![CDATA[0]]>
              </value>
            </param>
          </params>
          <reporter-output>
          </reporter-output>
        </test-method> <!-- test -->
        <test-method signature="test(java.lang.String,boolean,boolean,boolean,boolean,int)[pri:0, instance:cs265.BingeBarTest@452ba1db]" started-at="2025-11-25T19:56:17 GMT" name="test" data-provider="data" finished-at="2025-11-25T19:56:17 GMT" duration-ms="2" status="PASS">
          <params>
            <param index="0">
              <value>
                <![CDATA[1.5]]>
              </value>
            </param>
            <param index="1">
              <value>
                <![CDATA[true]]>
              </value>
            </param>
            <param index="2">
              <value>
                <![CDATA[true]]>
              </value>
            </param>
            <param index="3">
              <value>
                <![CDATA[false]]>
              </value>
            </param>
            <param index="4">
              <value>
                <![CDATA[true]]>
              </value>
            </param>
            <param index="5">
              <value>
                <![CDATA[18]]>
              </value>
            </param>
          </params>
          <reporter-output>
          </reporter-output>
        </test-method> <!-- test -->
        <test-method signature="test(java.lang.String,boolean,boolean,boolean,boolean,int)[pri:0, instance:cs265.BingeBarTest@452ba1db]" started-at="2025-11-25T19:56:17 GMT" name="test" data-provider="data" finished-at="2025-11-25T19:56:17 GMT" duration-ms="2" status="PASS">
          <params>
            <param index="0">
              <value>
                <![CDATA[1.6]]>
              </value>
            </param>
            <param index="1">
              <value>
                <![CDATA[false]]>
              </value>
            </param>
            <param index="2">
              <value>
                <![CDATA[true]]>
              </value>
            </param>
            <param index="3">
              <value>
                <![CDATA[false]]>
              </value>
            </param>
            <param index="4">
              <value>
                <![CDATA[true]]>
              </value>
            </param>
            <param index="5">
              <value>
                <![CDATA[10]]>
              </value>
            </param>
          </params>
          <reporter-output>
          </reporter-output>
        </test-method> <!-- test -->
        <test-method signature="test(java.lang.String,boolean,boolean,boolean,boolean,int)[pri:0, instance:cs265.BingeBarTest@452ba1db]" started-at="2025-11-25T19:56:17 GMT" name="test" data-provider="data" finished-at="2025-11-25T19:56:17 GMT" duration-ms="3" status="PASS">
          <params>
            <param index="0">
              <value>
                <![CDATA[1.7]]>
              </value>
            </param>
            <param index="1">
              <value>
                <![CDATA[true]]>
              </value>
            </param>
            <param index="2">
              <value>
                <![CDATA[false]]>
              </value>
            </param>
            <param index="3">
              <value>
                <![CDATA[false]]>
              </value>
            </param>
            <param index="4">
              <value>
                <![CDATA[true]]>
              </value>
            </param>
            <param index="5">
              <value>
                <![CDATA[8]]>
              </value>
            </param>
          </params>
          <reporter-output>
          </reporter-output>
        </test-method> <!-- test -->
        <test-method signature="test(java.lang.String,boolean,boolean,boolean,boolean,int)[pri:0, instance:cs265.BingeBarTest@452ba1db]" started-at="2025-11-25T19:56:17 GMT" name="test" data-provider="data" finished-at="2025-11-25T19:56:17 GMT" duration-ms="2" status="PASS">
          <params>
            <param index="0">
              <value>
                <![CDATA[1.8]]>
              </value>
            </param>
            <param index="1">
              <value>
                <![CDATA[false]]>
              </value>
            </param>
            <param index="2">
              <value>
                <![CDATA[false]]>
              </value>
            </param>
            <param index="3">
              <value>
                <![CDATA[false]]>
              </value>
            </param>
            <param index="4">
              <value>
                <![CDATA[true]]>
              </value>
            </param>
            <param index="5">
              <value>
                <![CDATA[0]]>
              </value>
            </param>
          </params>
          <reporter-output>
          </reporter-output>
        </test-method> <!-- test -->
        <test-method signature="test(java.lang.String,boolean,boolean,boolean,boolean,int)[pri:0, instance:cs265.BingeBarTest@452ba1db]" started-at="2025-11-25T19:56:17 GMT" name="test" data-provider="data" finished-at="2025-11-25T19:56:17 GMT" duration-ms="2" status="PASS">
          <params>
            <param index="0">
              <value>
                <![CDATA[1.9]]>
              </value>
            </param>
            <param index="1">
              <value>
                <![CDATA[true]]>
              </value>
            </param>
            <param index="2">
              <value>
                <![CDATA[true]]>
              </value>
            </param>
            <param index="3">
              <value>
                <![CDATA[true]]>
              </value>
            </param>
            <param index="4">
              <value>
                <![CDATA[false]]>
              </value>
            </param>
            <param index="5">
              <value>
                <![CDATA[18]]>
              </value>
            </param>
          </params>
          <reporter-output>
          </reporter-output>
        </test-method> <!-- test -->
        <test-method signature="test(java.lang.String,boolean,boolean,boolean,boolean,int)[pri:0, instance:cs265.BingeBarTest@452ba1db]" started-at="2025-11-25T19:56:17 GMT" name="test" data-provider="data" finished-at="2025-11-25T19:56:17 GMT" duration-ms="2" status="PASS">
          <params>
            <param index="0">
              <value>
                <![CDATA[1.10]]>
              </value>
            </param>
            <param index="1">
              <value>
                <![CDATA[false]]>
              </value>
            </param>
            <param index="2">
              <value>
                <![CDATA[true]]>
              </value>
            </param>
            <param index="3">
              <value>
                <![CDATA[true]]>
              </value>
            </param>
            <param index="4">
              <value>
                <![CDATA[false]]>
              </value>
            </param>
            <param index="5">
              <value>
                <![CDATA[10]]>
              </value>
            </param>
          </params>
          <reporter-output>
          </reporter-output>
        </test-method> <!-- test -->
        <test-method signature="test(java.lang.String,boolean,boolean,boolean,boolean,int)[pri:0, instance:cs265.BingeBarTest@452ba1db]" started-at="2025-11-25T19:56:17 GMT" name="test" data-provider="data" finished-at="2025-11-25T19:56:17 GMT" duration-ms="3" status="PASS">
          <params>
            <param index="0">
              <value>
                <![CDATA[1.11]]>
              </value>
            </param>
            <param index="1">
              <value>
                <![CDATA[true]]>
              </value>
            </param>
            <param index="2">
              <value>
                <![CDATA[false]]>
              </value>
            </param>
            <param index="3">
              <value>
                <![CDATA[true]]>
              </value>
            </param>
            <param index="4">
              <value>
                <![CDATA[false]]>
              </value>
            </param>
            <param index="5">
              <value>
                <![CDATA[8]]>
              </value>
            </param>
          </params>
          <reporter-output>
          </reporter-output>
        </test-method> <!-- test -->
        <test-method signature="test(java.lang.String,boolean,boolean,boolean,boolean,int)[pri:0, instance:cs265.BingeBarTest@452ba1db]" started-at="2025-11-25T19:56:17 GMT" name="test" data-provider="data" finished-at="2025-11-25T19:56:17 GMT" duration-ms="5" status="PASS">
          <params>
            <param index="0">
              <value>
                <![CDATA[1.12]]>
              </value>
            </param>
            <param index="1">
              <value>
                <![CDATA[false]]>
              </value>
            </param>
            <param index="2">
              <value>
                <![CDATA[false]]>
              </value>
            </param>
            <param index="3">
              <value>
                <![CDATA[true]]>
              </value>
            </param>
            <param index="4">
              <value>
                <![CDATA[false]]>
              </value>
            </param>
            <param index="5">
              <value>
                <![CDATA[0]]>
              </value>
            </param>
          </params>
          <reporter-output>
          </reporter-output>
        </test-method> <!-- test -->
        <test-method signature="test(java.lang.String,boolean,boolean,boolean,boolean,int)[pri:0, instance:cs265.BingeBarTest@452ba1db]" started-at="2025-11-25T19:56:17 GMT" name="test" data-provider="data" finished-at="2025-11-25T19:56:17 GMT" duration-ms="3" status="PASS">
          <params>
            <param index="0">
              <value>
                <![CDATA[1.13]]>
              </value>
            </param>
            <param index="1">
              <value>
                <![CDATA[true]]>
              </value>
            </param>
            <param index="2">
              <value>
                <![CDATA[true]]>
              </value>
            </param>
            <param index="3">
              <value>
                <![CDATA[false]]>
              </value>
            </param>
            <param index="4">
              <value>
                <![CDATA[false]]>
              </value>
            </param>
            <param index="5">
              <value>
                <![CDATA[18]]>
              </value>
            </param>
          </params>
          <reporter-output>
          </reporter-output>
        </test-method> <!-- test -->
        <test-method signature="test(java.lang.String,boolean,boolean,boolean,boolean,int)[pri:0, instance:cs265.BingeBarTest@452ba1db]" started-at="2025-11-25T19:56:17 GMT" name="test" data-provider="data" finished-at="2025-11-25T19:56:17 GMT" duration-ms="1" status="PASS">
          <params>
            <param index="0">
              <value>
                <![CDATA[1.14]]>
              </value>
            </param>
            <param index="1">
              <value>
                <![CDATA[false]]>
              </value>
            </param>
            <param index="2">
              <value>
                <![CDATA[true]]>
              </value>
            </param>
            <param index="3">
              <value>
                <![CDATA[false]]>
              </value>
            </param>
            <param index="4">
              <value>
                <![CDATA[false]]>
              </value>
            </param>
            <param index="5">
              <value>
                <![CDATA[10]]>
              </value>
            </param>
          </params>
          <reporter-output>
          </reporter-output>
        </test-method> <!-- test -->
        <test-method signature="test(java.lang.String,boolean,boolean,boolean,boolean,int)[pri:0, instance:cs265.BingeBarTest@452ba1db]" started-at="2025-11-25T19:56:17 GMT" name="test" data-provider="data" finished-at="2025-11-25T19:56:17 GMT" duration-ms="2" status="PASS">
          <params>
            <param index="0">
              <value>
                <![CDATA[1.15]]>
              </value>
            </param>
            <param index="1">
              <value>
                <![CDATA[true]]>
              </value>
            </param>
            <param index="2">
              <value>
                <![CDATA[false]]>
              </value>
            </param>
            <param index="3">
              <value>
                <![CDATA[false]]>
              </value>
            </param>
            <param index="4">
              <value>
                <![CDATA[false]]>
              </value>
            </param>
            <param index="5">
              <value>
                <![CDATA[8]]>
              </value>
            </param>
          </params>
          <reporter-output>
          </reporter-output>
        </test-method> <!-- test -->
        <test-method signature="test(java.lang.String,boolean,boolean,boolean,boolean,int)[pri:0, instance:cs265.BingeBarTest@452ba1db]" started-at="2025-11-25T19:56:17 GMT" name="test" data-provider="data" finished-at="2025-11-25T19:56:17 GMT" duration-ms="1" status="PASS">
          <params>
            <param index="0">
              <value>
                <![CDATA[1.16]]>
              </value>
            </param>
            <param index="1">
              <value>
                <![CDATA[false]]>
              </value>
            </param>
            <param index="2">
              <value>
                <![CDATA[false]]>
              </value>
            </param>
            <param index="3">
              <value>
                <![CDATA[false]]>
              </value>
            </param>
            <param index="4">
              <value>
                <![CDATA[false]]>
              </value>
            </param>
            <param index="5">
              <value>
                <![CDATA[0]]>
              </value>
            </param>
          </params>
          <reporter-output>
          </reporter-output>
        </test-method> <!-- test -->
      </class> <!-- cs265.BingeBarTest -->
    </test> <!-- Default test -->
  </suite> <!-- Default suite -->
</testng-results>
