<?xml version="1.0" encoding="UTF-8"?>
<testng-results ignored="0" total="6" passed="6" failed="0" skipped="0">
  <reporter-output>
  </reporter-output>
  <suite started-at="2025-11-11T18:42:25 GMT" name="Default suite" finished-at="2025-11-11T18:42:25 GMT" duration-ms="75">
    <groups>
    </groups>
    <test started-at="2025-11-11T18:42:25 GMT" name="Default test" finished-at="2025-11-11T18:42:25 GMT" duration-ms="75">
      <class name="cs265.ConcertTicketDTTest">
        <test-method signature="test(java.lang.String,int,boolean,int)[pri:0, instance:cs265.ConcertTicketDTTest@49139829]" started-at="2025-11-11T18:42:25 GMT" name="test" data-provider="data" finished-at="2025-11-11T18:42:25 GMT" duration-ms="18" status="PASS">
          <params>
            <param index="0">
              <value>
                <![CDATA[T2.1]]>
              </value>
            </param>
            <param index="1">
              <value>
                <![CDATA[16]]>
              </value>
            </param>
            <param index="2">
              <value>
                <![CDATA[true]]>
              </value>
            </param>
            <param index="3">
              <value>
                <![CDATA[-1]]>
              </value>
            </param>
          </params>
          <reporter-output>
          </reporter-output>
        </test-method> <!-- test -->
        <test-method signature="test(java.lang.String,int,boolean,int)[pri:0, instance:cs265.ConcertTicketDTTest@49139829]" started-at="2025-11-11T18:42:25 GMT" name="test" data-provider="data" finished-at="2025-11-11T18:42:25 GMT" duration-ms="2" status="PASS">
          <params>
            <param index="0">
              <value>
                <![CDATA[T2.2]]>
              </value>
            </param>
            <param index="1">
              <value>
                <![CDATA[40]]>
              </value>
            </param>
            <param index="2">
              <value>
                <![CDATA[true]]>
              </value>
            </param>
            <param index="3">
              <value>
                <![CDATA[55]]>
              </value>
            </param>
          </params>
          <reporter-output>
          </reporter-output>
        </test-method> <!-- test -->
        <test-method signature="test(java.lang.String,int,boolean,int)[pri:0, instance:cs265.ConcertTicketDTTest@49139829]" started-at="2025-11-11T18:42:25 GMT" name="test" data-provider="data" finished-at="2025-11-11T18:42:25 GMT" duration-ms="1" status="PASS">
          <params>
            <param index="0">
              <value>
                <![CDATA[T2.3]]>
              </value>
            </param>
            <param index="1">
              <value>
                <![CDATA[20]]>
              </value>
            </param>
            <param index="2">
              <value>
                <![CDATA[true]]>
              </value>
            </param>
            <param index="3">
              <value>
                <![CDATA[35]]>
              </value>
            </param>
          </params>
          <reporter-output>
          </reporter-output>
        </test-method> <!-- test -->
        <test-method signature="test(java.lang.String,int,boolean,int)[pri:0, instance:cs265.ConcertTicketDTTest@49139829]" started-at="2025-11-11T18:42:25 GMT" name="test" data-provider="data" finished-at="2025-11-11T18:42:25 GMT" duration-ms="1" status="PASS">
          <params>
            <param index="0">
              <value>
                <![CDATA[T2.4]]>
              </value>
            </param>
            <param index="1">
              <value>
                <![CDATA[100]]>
              </value>
            </param>
            <param index="2">
              <value>
                <![CDATA[false]]>
              </value>
            </param>
            <param index="3">
              <value>
                <![CDATA[-1]]>
              </value>
            </param>
          </params>
          <reporter-output>
          </reporter-output>
        </test-method> <!-- test -->
        <test-method signature="test(java.lang.String,int,boolean,int)[pri:0, instance:cs265.ConcertTicketDTTest@49139829]" started-at="2025-11-11T18:42:25 GMT" name="test" data-provider="data" finished-at="2025-11-11T18:42:25 GMT" duration-ms="0" status="PASS">
          <params>
            <param index="0">
              <value>
                <![CDATA[T2.5]]>
              </value>
            </param>
            <param index="1">
              <value>
                <![CDATA[40]]>
              </value>
            </param>
            <param index="2">
              <value>
                <![CDATA[false]]>
              </value>
            </param>
            <param index="3">
              <value>
                <![CDATA[65]]>
              </value>
            </param>
          </params>
          <reporter-output>
          </reporter-output>
        </test-method> <!-- test -->
        <test-method signature="test(java.lang.String,int,boolean,int)[pri:0, instance:cs265.ConcertTicketDTTest@49139829]" started-at="2025-11-11T18:42:25 GMT" name="test" data-provider="data" finished-at="2025-11-11T18:42:25 GMT" duration-ms="1" status="PASS">
          <params>
            <param index="0">
              <value>
                <![CDATA[T2.6]]>
              </value>
            </param>
            <param index="1">
              <value>
                <![CDATA[20]]>
              </value>
            </param>
            <param index="2">
              <value>
                <![CDATA[false]]>
              </value>
            </param>
            <param index="3">
              <value>
                <![CDATA[40]]>
              </value>
            </param>
          </params>
          <reporter-output>
          </reporter-output>
        </test-method> <!-- test -->
      </class> <!-- cs265.ConcertTicketDTTest -->
    </test> <!-- Default test -->
  </suite> <!-- Default suite -->
</testng-results>
