<?xml version="1.0" encoding="UTF-8"?>
<!-- Generated by org.testng.reporters.JUnitReportReporter -->
<testsuite hostname="MSI" failures="0" tests="6" name="cs265.ConcertTicketDTTest" time="0.095" errors="0" timestamp="2025-11-18T15:21:59 GMT" skipped="0">
  <testcase classname="cs265.ConcertTicketDTTest" name="test" time="0.003"/>
  <testcase classname="cs265.ConcertTicketDTTest" name="test" time="0.003"/>
  <testcase classname="cs265.ConcertTicketDTTest" name="test" time="0.005"/>
  <testcase classname="cs265.ConcertTicketDTTest" name="test" time="0.004"/>
  <testcase classname="cs265.ConcertTicketDTTest" name="test" time="0.003"/>
  <testcase classname="cs265.ConcertTicketDTTest" name="test" time="0.077"/>
</testsuite> <!-- cs265.ConcertTicketDTTest -->
