<?xml version="1.0" encoding="UTF-8"?>
<!-- Generated by org.testng.reporters.JUnitReportReporter -->
<testsuite hostname="MSI" failures="0" tests="4" name="cs265.InterestCalculatorTest" time="0.024" errors="0" timestamp="2025-10-22T16:11:22 IST" skipped="0">
  <testcase classname="cs265.InterestCalculatorTest" name="interestRateTest" time="0.018"/>
  <testcase classname="cs265.InterestCalculatorTest" name="interestRateTest" time="0.002"/>
  <testcase classname="cs265.InterestCalculatorTest" name="interestRateTest" time="0.002"/>
  <testcase classname="cs265.InterestCalculatorTest" name="interestRateTest" time="0.002"/>
</testsuite> <!-- cs265.InterestCalculatorTest -->
