<?xml version="1.0" encoding="UTF-8"?>
<!-- Generated by org.testng.reporters.JUnitReportReporter -->
<testsuite hostname="MSI" failures="0" tests="6" name="cs265.ConcertTicketTest" time="0.037" errors="0" timestamp="2025-11-04T19:44:13 GMT" skipped="0">
  <testcase classname="cs265.ConcertTicketTest" name="test" time="0.001"/>
  <testcase classname="cs265.ConcertTicketTest" name="test" time="0.002"/>
  <testcase classname="cs265.ConcertTicketTest" name="test" time="0.003"/>
  <testcase classname="cs265.ConcertTicketTest" name="test" time="0.025"/>
  <testcase classname="cs265.ConcertTicketTest" name="test" time="0.003"/>
  <testcase classname="cs265.ConcertTicketTest" name="test" time="0.003"/>
</testsuite> <!-- cs265.ConcertTicketTest -->
