<?xml version="1.0" encoding="UTF-8"?>
<!-- Generated by org.testng.reporters.JUnitReportReporter -->
<testsuite hostname="MSI" failures="0" tests="16" name="cs265.BingeBarTest" time="0.084" errors="0" timestamp="2025-11-25T19:56:17 GMT" skipped="0">
  <testcase classname="cs265.BingeBarTest" name="test" time="0.003"/>
  <testcase classname="cs265.BingeBarTest" name="test" time="0.002"/>
  <testcase classname="cs265.BingeBarTest" name="test" time="0.002"/>
  <testcase classname="cs265.BingeBarTest" name="test" time="0.002"/>
  <testcase classname="cs265.BingeBarTest" name="test" time="0.003"/>
  <testcase classname="cs265.BingeBarTest" name="test" time="0.002"/>
  <testcase classname="cs265.BingeBarTest" name="test" time="0.003"/>
  <testcase classname="cs265.BingeBarTest" name="test" time="0.003"/>
  <testcase classname="cs265.BingeBarTest" name="test" time="0.005"/>
  <testcase classname="cs265.BingeBarTest" name="test" time="0.001"/>
  <testcase classname="cs265.BingeBarTest" name="test" time="0.001"/>
  <testcase classname="cs265.BingeBarTest" name="test" time="0.002"/>
  <testcase classname="cs265.BingeBarTest" name="test" time="0.002"/>
  <testcase classname="cs265.BingeBarTest" name="test" time="0.002"/>
  <testcase classname="cs265.BingeBarTest" name="test" time="0.049"/>
  <testcase classname="cs265.BingeBarTest" name="test" time="0.002"/>
</testsuite> <!-- cs265.BingeBarTest -->
