<?xml version="1.0" encoding="UTF-8"?>
<!-- Generated by org.testng.reporters.JUnitReportReporter -->
<testsuite hostname="MSI" failures="0" tests="12" name="cs265.CS265_Lab_W07Test" time="0.048" errors="0" timestamp="2025-11-11T15:48:07 GMT" skipped="0">
  <testcase classname="cs265.CS265_Lab_W07Test" name="test" time="0.003"/>
  <testcase classname="cs265.CS265_Lab_W07Test" name="test" time="0.020"/>
  <testcase classname="cs265.CS265_Lab_W07Test" name="test" time="0.004"/>
  <testcase classname="cs265.CS265_Lab_W07Test" name="test" time="0.002"/>
  <testcase classname="cs265.CS265_Lab_W07Test" name="test" time="0.004"/>
  <testcase classname="cs265.CS265_Lab_W07Test" name="test" time="0.002"/>
  <testcase classname="cs265.CS265_Lab_W07Test" name="test" time="0.003"/>
  <testcase classname="cs265.CS265_Lab_W07Test" name="test" time="0.003"/>
  <testcase classname="cs265.CS265_Lab_W07Test" name="test" time="0.002"/>
  <testcase classname="cs265.CS265_Lab_W07Test" name="test" time="0.002"/>
  <testcase classname="cs265.CS265_Lab_W07Test" name="test" time="0.001"/>
  <testcase classname="cs265.CS265_Lab_W07Test" name="test" time="0.002"/>
</testsuite> <!-- cs265.CS265_Lab_W07Test -->
