<?xml version="1.0" encoding="UTF-8"?>
<!-- Generated by org.testng.reporters.JUnitReportReporter -->
<testsuite hostname="MSI" failures="0" tests="6" name="cs265.ConcertTicketDTTest" time="0.023" errors="0" timestamp="2025-11-11T18:42:25 GMT" skipped="0">
  <testcase classname="cs265.ConcertTicketDTTest" name="test" time="0.000"/>
  <testcase classname="cs265.ConcertTicketDTTest" name="test" time="0.001"/>
  <testcase classname="cs265.ConcertTicketDTTest" name="test" time="0.001"/>
  <testcase classname="cs265.ConcertTicketDTTest" name="test" time="0.018"/>
  <testcase classname="cs265.ConcertTicketDTTest" name="test" time="0.002"/>
  <testcase classname="cs265.ConcertTicketDTTest" name="test" time="0.001"/>
</testsuite> <!-- cs265.ConcertTicketDTTest -->
