<?xml version="1.0" encoding="UTF-8"?>
<!-- Generated by org.testng.reporters.JUnitReportReporter -->
<testsuite hostname="MSI" failures="0" tests="6" name="cs265.CS265_Lab_W06Test" time="0.019" errors="0" timestamp="2025-11-05T15:18:00 GMT" skipped="0">
  <testcase classname="cs265.CS265_Lab_W06Test" name="test" time="0.002"/>
  <testcase classname="cs265.CS265_Lab_W06Test" name="test" time="0.000"/>
  <testcase classname="cs265.CS265_Lab_W06Test" name="test" time="0.001"/>
  <testcase classname="cs265.CS265_Lab_W06Test" name="test" time="0.002"/>
  <testcase classname="cs265.CS265_Lab_W06Test" name="test" time="0.001"/>
  <testcase classname="cs265.CS265_Lab_W06Test" name="test" time="0.013"/>
</testsuite> <!-- cs265.CS265_Lab_W06Test -->
