<?xml version="1.0" encoding="UTF-8"?>
<!-- Generated by org.testng.reporters.JUnitReportReporter -->
<testsuite hostname="MSI" failures="0" tests="3" name="cs265.CS265_Lab_W03TestAdvanced" time="0.023" errors="0" timestamp="2025-10-22T14:58:43 IST" skipped="0">
  <testcase classname="cs265.CS265_Lab_W03TestAdvanced" name="test" time="0.019"/>
  <testcase classname="cs265.CS265_Lab_W03TestAdvanced" name="test" time="0.003"/>
  <testcase classname="cs265.CS265_Lab_W03TestAdvanced" name="test" time="0.001"/>
</testsuite> <!-- cs265.CS265_Lab_W03TestAdvanced -->
